<?xml version="1.0" encoding="UTF-8"?>
<testng-results ignored="0" total="1" passed="1" failed="0" skipped="0">
  <reporter-output>
  </reporter-output>
  <suite started-at="2025-05-08T21:01:04 IST" name="Default suite" finished-at="2025-05-08T21:01:13 IST" duration-ms="9375">
    <groups>
    </groups>
    <test started-at="2025-05-08T21:01:04 IST" name="Default test" finished-at="2025-05-08T21:01:13 IST" duration-ms="9375">
      <class name="practice.BrowserInvoke">
        <test-method signature="browser()[pri:0, instance:practice.BrowserInvoke@402c4085]" started-at="2025-05-08T21:01:04 IST" name="browser" finished-at="2025-05-08T21:01:13 IST" duration-ms="9257" status="PASS">
          <reporter-output>
          </reporter-output>
        </test-method> <!-- browser -->
      </class> <!-- practice.BrowserInvoke -->
    </test> <!-- Default test -->
  </suite> <!-- Default suite -->
</testng-results>
